<?xml version="1.0" encoding="UTF-8"?>
<testsuites>
    <testsuite name="force.apex" timestamp="2026-07-23T22:34:57.000Z" hostname="https://pacificglobal--dev2.sandbox.my.salesforce.com" tests="2" failures="0"  errors="0"  time="6.24">
        <properties>
            <property name="outcome" value="Successful"/>
            <property name="testsRan" value="2"/>
            <property name="passing" value="2"/>
            <property name="failing" value="0"/>
            <property name="skipped" value="0"/>
            <property name="passRate" value="100%"/>
            <property name="failRate" value="0%"/>
            <property name="testStartTime" value="Thu Jul 23 2026 4:34:57 p.m."/>
            <property name="testSetupTimeInMs" value="0"/>
            <property name="testExecutionTime" value="6.24 s"/>
            <property name="testTotalTime" value="6.24 s"/>
            <property name="commandTime" value="0.18 s"/>
            <property name="hostname" value="https://pacificglobal--dev2.sandbox.my.salesforce.com"/>
            <property name="orgId" value="00Dht0000000F5VEAU"/>
            <property name="username" value="soporte2.tecnovalue@pacificglob.com.dev2"/>
            <property name="testRunId" value="707ht000000H6h4"/>
            <property name="userId" value="0054w00000AY1qjAAD"/>
            <property name="coveredLines" value="304"/>
            <property name="testRunCoverage" value="65%"/>
            <property name="orgWideCoverage" value="3%"/>
        </properties>
        <testcase name="testTriggerHelperInsert" classname="ProductTriggerHelperTest" time="2.57">
        </testcase>
        <testcase name="testTriggerHelperUpdateDelete" classname="ProductTriggerHelperTest" time="3.67">
        </testcase>
    </testsuite>
</testsuites>
